TN:
SF:src/main.js
FN:5,startAnalysis
FN:17,(anonymous_1)
FN:27,fileAnalysis
FN:28,(anonymous_3)
FNF:4
FNH:0
FNDA:0,startAnalysis
FNDA:0,(anonymous_1)
FNDA:0,fileAnalysis
FNDA:0,(anonymous_3)
DA:6,0
DA:7,0
DA:9,0
DA:10,0
DA:11,0
DA:14,0
DA:16,0
DA:17,0
DA:18,0
DA:19,0
DA:22,0
DA:28,0
DA:29,0
DA:30,0
LF:14
LH:0
BRDA:7,0,0,0
BRDA:7,0,1,0
BRDA:9,1,0,0
BRDA:9,1,1,0
BRDA:14,2,0,0
BRDA:14,2,1,0
BRDA:18,3,0,0
BRDA:18,3,1,0
BRF:8
BRH:0
end_of_record
TN:
SF:src/config/index.js
FN:5,getConfig
FN:25,getFilesList
FNF:2
FNH:1
FNDA:0,getConfig
FNDA:5,getFilesList
DA:6,0
DA:7,0
DA:9,0
DA:10,0
DA:12,0
DA:13,0
DA:16,0
DA:17,0
DA:19,0
DA:22,0
DA:26,5
DA:27,1
DA:30,4
DA:31,4
DA:33,4
DA:34,3
DA:36,3
DA:39,4
LF:18
LH:8
BRDA:12,0,0,0
BRDA:12,0,1,0
BRDA:12,1,0,0
BRDA:12,1,1,0
BRDA:25,2,0,1
BRDA:26,3,0,1
BRDA:26,3,1,4
BRF:7
BRH:3
end_of_record
